<?xml version="1.0" encoding="utf-8"?><testsuites name="pytest tests"><testsuite name="pytest" errors="0" failures="0" skipped="0" tests="39" time="8.204" timestamp="2026-08-18T01:34:52.595523+00:00" hostname="agent-env-b0cd1e7f-f1e5-4a4a-be20-5a591a572899"><testcase classname="tests.backend_test.TestAuth" name="test_admin_login_ok" time="0.362" /><testcase classname="tests.backend_test.TestLocationsDetailed" name="test_seeded_kantor_pusat_present" time="0.868" /><testcase classname="tests.backend_test.TestLocationsDetailed" name="test_create_valid_location" time="0.369" /><testcase classname="tests.backend_test.TestAuth" name="test_employee_login_ok" time="0.521" /><testcase classname="tests.backend_test.TestAuth" name="test_admin_login_bad_password" time="0.392" /><testcase classname="tests.backend_test.TestLocationsDetailed" name="test_create_invalid_missing_name" time="0.089" /><testcase classname="tests.backend_test.TestAuth" name="test_me_unauthenticated" time="0.212" /><testcase classname="tests.backend_test.TestLocationsDetailed" name="test_create_invalid_bad_latitude_type" time="0.051" /><testcase classname="tests.backend_test.TestLocationsDetailed" name="test_update_location" time="0.191" /><testcase classname="tests.backend_test.TestAuth" name="test_me_admin" time="0.167" /><testcase classname="tests.backend_test.TestLocationsDetailed" name="test_delete_location_removes" time="0.184" /><testcase classname="tests.backend_test.TestAuth" name="test_me_employee" time="0.164" /><testcase classname="tests.backend_test.TestLocationsDetailed" name="test_wfo_inside_radius_success" time="1.154" /><testcase classname="tests.backend_test.TestAuth" name="test_cross_role_admin_endpoint_blocked" time="0.214" /><testcase classname="tests.backend_test.TestAttendance" name="test_checkout_before_checkin_blocked" time="0.965" /><testcase classname="tests.backend_test.TestLocationsDetailed" name="test_holidays_create_and_list" time="0.147" /><testcase classname="tests.backend_test.TestAttendance" name="test_wfo_outside_radius_rejected" time="0.050" /><testcase classname="tests.backend_test.TestAttendance" name="test_wfh_checkin_success" time="0.052" /><testcase classname="tests.backend_test.TestLocationsDetailed" name="test_employee_create_list_update_login" time="0.782" /><testcase classname="tests.backend_test.TestAttendance" name="test_duplicate_checkin_blocked" time="0.228" /><testcase classname="tests.backend_test.TestAttendance" name="test_today_returns_record" time="0.052" /><testcase classname="tests.backend_test.TestAttendance" name="test_checkout_success" time="0.052" /><testcase classname="tests.backend_test.TestAttendance" name="test_second_checkout_blocked" time="0.054" /><testcase classname="tests.backend_test.TestCRUD" name="test_departments_list" time="0.067" /><testcase classname="tests.backend_test.TestCRUD" name="test_department_create_update_delete" time="0.485" /><testcase classname="tests.backend_test.TestLocationsDetailed" name="test_employee_duplicate_email" time="0.048" /><testcase classname="tests.backend_test.TestReportsExports" name="test_weekly_report" time="0.048" /><testcase classname="tests.backend_test.TestReportsExports" name="test_monthly_report" time="0.050" /><testcase classname="tests.backend_test.TestReportsExports" name="test_excel_export" time="0.058" /><testcase classname="tests.backend_test.TestReportsExports" name="test_pdf_export" time="0.055" /><testcase classname="tests.backend_test.TestCRUD" name="test_locations_crud" time="0.201" /><testcase classname="tests.backend_test.TestDashboard" name="test_stats_shape" time="0.053" /><testcase classname="tests.backend_test.TestHolidayBlock" name="test_checkin_blocked_on_holiday" time="1.155" /><testcase classname="tests.backend_test.TestSettings" name="test_get_settings" time="0.253" /><testcase classname="tests.backend_test.TestSettings" name="test_update_settings" time="0.381" /><testcase classname="tests.backend_test.TestSettings" name="test_settings_update_requires_admin" time="0.057" /><testcase classname="tests.backend_test.TestChangePassword" name="test_change_password_flow" time="2.371" /><testcase classname="tests.backend_test.TestLeaves" name="test_leave_flow_and_block_checkin" time="1.660" /><testcase classname="tests.backend_test.TestWorkPlans" name="test_create_and_list" time="0.762" /></testsuite></testsuites>