<?xml version="1.0" encoding="utf-8"?><testsuites name="pytest tests"><testsuite name="pytest" errors="0" failures="0" skipped="0" tests="17" time="4.507" timestamp="2026-08-18T01:45:20.770601+00:00" hostname="agent-env-b0cd1e7f-f1e5-4a4a-be20-5a591a572899"><testcase classname="tests.backend_test.TestReportsExports" name="test_weekly_report" time="0.714" /><testcase classname="tests.backend_test.TestAuth" name="test_admin_login_ok" time="0.705" /><testcase classname="tests.backend_test.TestReportsExports" name="test_monthly_report" time="0.057" /><testcase classname="tests.backend_test.TestReportsExports" name="test_excel_export" time="0.078" /><testcase classname="tests.backend_test.TestReportsExports" name="test_pdf_export" time="0.236" /><testcase classname="tests.backend_test.TestCRUD" name="test_departments_list" time="0.112" /><testcase classname="tests.backend_test.TestAuth" name="test_employee_login_ok" time="0.426" /><testcase classname="tests.backend_test.TestAuth" name="test_admin_login_bad_password" time="0.344" /><testcase classname="tests.backend_test.TestCRUD" name="test_department_create_update_delete" time="0.458" /><testcase classname="tests.backend_test.TestAuth" name="test_me_unauthenticated" time="0.197" /><testcase classname="tests.backend_test.TestCRUD" name="test_locations_crud" time="0.135" /><testcase classname="tests.backend_test.TestAuth" name="test_me_admin" time="0.186" /><testcase classname="tests.backend_test.TestLocationsDetailed" name="test_holidays_create_and_list" time="0.226" /><testcase classname="tests.backend_test.TestAuth" name="test_me_employee" time="0.225" /><testcase classname="tests.backend_test.TestHolidayBlock" name="test_checkin_blocked_on_holiday" time="0.869" /><testcase classname="tests.backend_test.TestAuth" name="test_cross_role_admin_endpoint_blocked" time="0.060" /><testcase classname="tests.backend_test.TestLeaves" name="test_leave_flow_and_block_checkin" time="1.112" /></testsuite></testsuites>