<?xml version="1.0" encoding="utf-8"?><testsuites name="pytest tests"><testsuite name="pytest" errors="0" failures="0" skipped="0" tests="32" time="7.819" timestamp="2026-08-18T01:19:01.004550+00:00" hostname="agent-env-b0cd1e7f-f1e5-4a4a-be20-5a591a572899"><testcase classname="tests.backend_test.TestAuth" name="test_admin_login_ok" time="0.550" /><testcase classname="tests.backend_test.TestAuth" name="test_employee_login_ok" time="0.513" /><testcase classname="tests.backend_test.TestAuth" name="test_admin_login_bad_password" time="0.478" /><testcase classname="tests.backend_test.TestAuth" name="test_me_unauthenticated" time="0.128" /><testcase classname="tests.backend_test.TestAuth" name="test_me_admin" time="0.255" /><testcase classname="tests.backend_test.TestAuth" name="test_me_employee" time="0.122" /><testcase classname="tests.backend_test.TestAttendance" name="test_checkout_before_checkin_blocked" time="2.074" /><testcase classname="tests.backend_test.TestAuth" name="test_cross_role_admin_endpoint_blocked" time="0.075" /><testcase classname="tests.backend_test.TestAttendance" name="test_wfo_outside_radius_rejected" time="0.071" /><testcase classname="tests.backend_test.TestCRUD" name="test_departments_list" time="0.107" /><testcase classname="tests.backend_test.TestAttendance" name="test_wfh_checkin_success" time="0.064" /><testcase classname="tests.backend_test.TestAttendance" name="test_duplicate_checkin_blocked" time="0.059" /><testcase classname="tests.backend_test.TestCRUD" name="test_department_create_update_delete" time="0.289" /><testcase classname="tests.backend_test.TestAttendance" name="test_today_returns_record" time="0.063" /><testcase classname="tests.backend_test.TestAttendance" name="test_checkout_success" time="0.066" /><testcase classname="tests.backend_test.TestAttendance" name="test_second_checkout_blocked" time="0.066" /><testcase classname="tests.backend_test.TestReportsExports" name="test_weekly_report" time="0.091" /><testcase classname="tests.backend_test.TestCRUD" name="test_locations_crud" time="0.134" /><testcase classname="tests.backend_test.TestReportsExports" name="test_monthly_report" time="0.077" /><testcase classname="tests.backend_test.TestReportsExports" name="test_excel_export" time="0.109" /><testcase classname="tests.backend_test.TestCRUD" name="test_holidays_create_and_list" time="0.197" /><testcase classname="tests.backend_test.TestReportsExports" name="test_pdf_export" time="0.086" /><testcase classname="tests.backend_test.TestSettings" name="test_get_settings" time="0.347" /><testcase classname="tests.backend_test.TestCRUD" name="test_employee_create_list_update_login" time="0.802" /><testcase classname="tests.backend_test.TestSettings" name="test_update_settings" time="0.199" /><testcase classname="tests.backend_test.TestCRUD" name="test_employee_duplicate_email" time="0.227" /><testcase classname="tests.backend_test.TestSettings" name="test_settings_update_requires_admin" time="0.618" /><testcase classname="tests.backend_test.TestDashboard" name="test_stats_shape" time="0.071" /><testcase classname="tests.backend_test.TestWorkPlans" name="test_create_and_list" time="0.148" /><testcase classname="tests.backend_test.TestHolidayBlock" name="test_checkin_blocked_on_holiday" time="1.538" /><testcase classname="tests.backend_test.TestChangePassword" name="test_change_password_flow" time="2.435" /><testcase classname="tests.backend_test.TestLeaves" name="test_leave_flow_and_block_checkin" time="1.748" /></testsuite></testsuites>